  [4;36;1mSQL (0.000292)[0m   [0;1mSET NAMES 'utf8'[0m
  [4;35;1mSQL (0.000229)[0m   [0mSET SQL_AUTO_IS_NULL=0[0m
  [4;36;1mSQL (0.003122)[0m   [0;1mCREATE TABLE `schema_info` (version int(11))[0m
  [4;35;1mSQL (0.001697)[0m   [0mINSERT INTO `schema_info` (version) VALUES(0)[0m
  [4;36;1mSQL (0.000000)[0m   [0;1mMysql::Error: Table 'schema_info' already exists: CREATE TABLE `schema_info` (version int(11))[0m
  [4;35;1mSQL (0.000531)[0m   [0mSELECT version FROM schema_info[0m
Migrating to CreateProjects (1)
  [4;36;1mSQL (0.037004)[0m   [0;1mCREATE TABLE `projects` (`id` int(11) DEFAULT NULL auto_increment PRIMARY KEY, `name` varchar(255) DEFAULT NULL, `path` varchar(255) DEFAULT NULL, `status` varchar(255) DEFAULT NULL, `project_id` varchar(255) DEFAULT NULL, `comments` text DEFAULT NULL, `access_info` text DEFAULT NULL, `created_at` datetime DEFAULT NULL, `updated_at` datetime DEFAULT NULL) ENGINE=InnoDB[0m
  [4;35;1mSQL (0.000544)[0m   [0mUPDATE schema_info SET version = 1[0m
  [4;36;1mSQL (0.000287)[0m   [0;1mSELECT * FROM schema_info[0m
  [4;35;1mSQL (0.000321)[0m   [0mSHOW TABLES[0m
  [4;36;1mSQL (0.002858)[0m   [0;1mSHOW FIELDS FROM `projects`[0m
  [4;35;1mSQL (0.003649)[0m   [0mdescribe `projects`[0m
  [4;36;1mSQL (0.000734)[0m   [0;1mSHOW KEYS FROM `projects`[0m
  [4;36;1mSQL (0.000168)[0m   [0;1mSET NAMES 'utf8'[0m
  [4;35;1mSQL (0.000125)[0m   [0mSET SQL_AUTO_IS_NULL=0[0m
  [4;36;1mSQL (0.000189)[0m   [0;1mSELECT * FROM schema_info[0m
  [4;35;1mSQL (0.000295)[0m   [0mSHOW TABLES[0m
  [4;36;1mSQL (0.003059)[0m   [0;1mSHOW FIELDS FROM `projects`[0m
  [4;35;1mSQL (0.003425)[0m   [0mdescribe `projects`[0m
  [4;36;1mSQL (0.000461)[0m   [0;1mSHOW KEYS FROM `projects`[0m
  [4;36;1mSQL (0.000232)[0m   [0;1mSET NAMES 'utf8'[0m
  [4;35;1mSQL (0.000292)[0m   [0mSET SQL_AUTO_IS_NULL=0[0m
  [4;36;1mSQL (0.000000)[0m   [0;1mMysql::Error: Table 'schema_info' already exists: CREATE TABLE `schema_info` (version int(11))[0m
  [4;35;1mSQL (0.000000)[0m   [0mMysql::Error: Table 'schema_info' already exists: CREATE TABLE `schema_info` (version int(11))[0m
  [4;36;1mSQL (0.000333)[0m   [0;1mSELECT version FROM schema_info[0m
  [4;35;1mSQL (0.000213)[0m   [0mSELECT version FROM schema_info[0m
Migrating to AddDateFieldToProjects (2)
  [4;36;1mSQL (0.011423)[0m   [0;1mALTER TABLE `projects` ADD `date_started` date DEFAULT '2008-04-25'[0m
  [4;35;1mSQL (0.000451)[0m   [0mUPDATE schema_info SET version = 2[0m
  [4;36;1mSQL (0.000217)[0m   [0;1mSELECT * FROM schema_info[0m
  [4;35;1mSQL (0.000393)[0m   [0mSHOW TABLES[0m
  [4;36;1mSQL (0.002781)[0m   [0;1mSHOW FIELDS FROM `projects`[0m
  [4;35;1mSQL (0.002397)[0m   [0mdescribe `projects`[0m
  [4;36;1mSQL (0.000434)[0m   [0;1mSHOW KEYS FROM `projects`[0m
